<?xml version="1.0" encoding="UTF-8"?>
<testsuite xmlns:xsi="http://www.w3.org/2001/XMLSchema-instance" xsi:noNamespaceSchemaLocation="https://maven.apache.org/surefire/maven-surefire-plugin/xsd/surefire-test-report-3.0.xsd" version="3.0" name="TestSuite" time="2.188" tests="6" errors="0" skipped="6" failures="0">
  <properties>
    <property name="sun.desktop" value="windows"/>
    <property name="awt.toolkit" value="sun.awt.windows.WToolkit"/>
    <property name="java.specification.version" value="11"/>
    <property name="webdriver.chrome.driver" value="D:\chromedriver\chromedriver.exe"/>
    <property name="sun.cpu.isalist" value="amd64"/>
    <property name="sun.jnu.encoding" value="Cp1252"/>
    <property name="java.class.path" value="C:\Users\Gautam\eclipse-workspace\E2Eproject\target\test-classes;C:\Users\Gautam\eclipse-workspace\E2Eproject\target\classes;C:\Users\Gautam\.m2\repository\junit\junit\4.11\junit-4.11.jar;C:\Users\Gautam\.m2\repository\org\hamcrest\hamcrest-core\1.3\hamcrest-core-1.3.jar;C:\Users\Gautam\.m2\repository\org\seleniumhq\selenium\selenium-java\3.141.59\selenium-java-3.141.59.jar;C:\Users\Gautam\.m2\repository\org\seleniumhq\selenium\selenium-api\3.141.59\selenium-api-3.141.59.jar;C:\Users\Gautam\.m2\repository\org\seleniumhq\selenium\selenium-chrome-driver\3.141.59\selenium-chrome-driver-3.141.59.jar;C:\Users\Gautam\.m2\repository\org\seleniumhq\selenium\selenium-edge-driver\3.141.59\selenium-edge-driver-3.141.59.jar;C:\Users\Gautam\.m2\repository\org\seleniumhq\selenium\selenium-firefox-driver\3.141.59\selenium-firefox-driver-3.141.59.jar;C:\Users\Gautam\.m2\repository\org\seleniumhq\selenium\selenium-ie-driver\3.141.59\selenium-ie-driver-3.141.59.jar;C:\Users\Gautam\.m2\repository\org\seleniumhq\selenium\selenium-opera-driver\3.141.59\selenium-opera-driver-3.141.59.jar;C:\Users\Gautam\.m2\repository\org\seleniumhq\selenium\selenium-remote-driver\3.141.59\selenium-remote-driver-3.141.59.jar;C:\Users\Gautam\.m2\repository\org\seleniumhq\selenium\selenium-safari-driver\3.141.59\selenium-safari-driver-3.141.59.jar;C:\Users\Gautam\.m2\repository\org\seleniumhq\selenium\selenium-support\3.141.59\selenium-support-3.141.59.jar;C:\Users\Gautam\.m2\repository\net\bytebuddy\byte-buddy\1.8.15\byte-buddy-1.8.15.jar;C:\Users\Gautam\.m2\repository\org\apache\commons\commons-exec\1.3\commons-exec-1.3.jar;C:\Users\Gautam\.m2\repository\com\google\guava\guava\25.0-jre\guava-25.0-jre.jar;C:\Users\Gautam\.m2\repository\com\google\code\findbugs\jsr305\1.3.9\jsr305-1.3.9.jar;C:\Users\Gautam\.m2\repository\org\checkerframework\checker-compat-qual\2.0.0\checker-compat-qual-2.0.0.jar;C:\Users\Gautam\.m2\repository\com\google\errorprone\error_prone_annotations\2.1.3\error_prone_annotations-2.1.3.jar;C:\Users\Gautam\.m2\repository\com\google\j2objc\j2objc-annotations\1.1\j2objc-annotations-1.1.jar;C:\Users\Gautam\.m2\repository\org\codehaus\mojo\animal-sniffer-annotations\1.14\animal-sniffer-annotations-1.14.jar;C:\Users\Gautam\.m2\repository\com\squareup\okhttp3\okhttp\3.11.0\okhttp-3.11.0.jar;C:\Users\Gautam\.m2\repository\com\squareup\okio\okio\1.14.0\okio-1.14.0.jar;C:\Users\Gautam\.m2\repository\org\testng\testng\7.1.0\testng-7.1.0.jar;C:\Users\Gautam\.m2\repository\com\beust\jcommander\1.72\jcommander-1.72.jar;C:\Users\Gautam\.m2\repository\com\google\inject\guice\4.1.0\guice-4.1.0-no_aop.jar;C:\Users\Gautam\.m2\repository\javax\inject\javax.inject\1\javax.inject-1.jar;C:\Users\Gautam\.m2\repository\aopalliance\aopalliance\1.0\aopalliance-1.0.jar;C:\Users\Gautam\.m2\repository\org\yaml\snakeyaml\1.21\snakeyaml-1.21.jar;C:\Users\Gautam\.m2\repository\org\apache\logging\log4j\log4j-api\2.17.2\log4j-api-2.17.2.jar;C:\Users\Gautam\.m2\repository\org\apache\logging\log4j\log4j-core\2.17.2\log4j-core-2.17.2.jar;C:\Users\Gautam\.m2\repository\commons-io\commons-io\2.11.0\commons-io-2.11.0.jar;"/>
    <property name="java.vm.vendor" value="Oracle Corporation"/>
    <property name="sun.arch.data.model" value="64"/>
    <property name="user.variant" value=""/>
    <property name="java.vendor.url" value="https://openjdk.java.net/"/>
    <property name="user.timezone" value="Asia/Calcutta"/>
    <property name="java.vm.specification.version" value="11"/>
    <property name="os.name" value="Windows 10"/>
    <property name="sun.java.launcher" value="SUN_STANDARD"/>
    <property name="user.country" value="US"/>
    <property name="sun.boot.library.path" value="C:\Program Files\Java\jdk-11.0.13\bin"/>
    <property name="sun.java.command" value="C:\Users\Gautam\AppData\Local\Temp\surefire482270829368801982\surefirebooter9319849682761505888.jar C:\Users\Gautam\AppData\Local\Temp\surefire482270829368801982 2022-05-06T11-14-35_981-jvmRun1 surefire150835217666229721tmp surefire_010897482302670624673tmp"/>
    <property name="jdk.debug" value="release"/>
    <property name="surefire.test.class.path" value="C:\Users\Gautam\eclipse-workspace\E2Eproject\target\test-classes;C:\Users\Gautam\eclipse-workspace\E2Eproject\target\classes;C:\Users\Gautam\.m2\repository\junit\junit\4.11\junit-4.11.jar;C:\Users\Gautam\.m2\repository\org\hamcrest\hamcrest-core\1.3\hamcrest-core-1.3.jar;C:\Users\Gautam\.m2\repository\org\seleniumhq\selenium\selenium-java\3.141.59\selenium-java-3.141.59.jar;C:\Users\Gautam\.m2\repository\org\seleniumhq\selenium\selenium-api\3.141.59\selenium-api-3.141.59.jar;C:\Users\Gautam\.m2\repository\org\seleniumhq\selenium\selenium-chrome-driver\3.141.59\selenium-chrome-driver-3.141.59.jar;C:\Users\Gautam\.m2\repository\org\seleniumhq\selenium\selenium-edge-driver\3.141.59\selenium-edge-driver-3.141.59.jar;C:\Users\Gautam\.m2\repository\org\seleniumhq\selenium\selenium-firefox-driver\3.141.59\selenium-firefox-driver-3.141.59.jar;C:\Users\Gautam\.m2\repository\org\seleniumhq\selenium\selenium-ie-driver\3.141.59\selenium-ie-driver-3.141.59.jar;C:\Users\Gautam\.m2\repository\org\seleniumhq\selenium\selenium-opera-driver\3.141.59\selenium-opera-driver-3.141.59.jar;C:\Users\Gautam\.m2\repository\org\seleniumhq\selenium\selenium-remote-driver\3.141.59\selenium-remote-driver-3.141.59.jar;C:\Users\Gautam\.m2\repository\org\seleniumhq\selenium\selenium-safari-driver\3.141.59\selenium-safari-driver-3.141.59.jar;C:\Users\Gautam\.m2\repository\org\seleniumhq\selenium\selenium-support\3.141.59\selenium-support-3.141.59.jar;C:\Users\Gautam\.m2\repository\net\bytebuddy\byte-buddy\1.8.15\byte-buddy-1.8.15.jar;C:\Users\Gautam\.m2\repository\org\apache\commons\commons-exec\1.3\commons-exec-1.3.jar;C:\Users\Gautam\.m2\repository\com\google\guava\guava\25.0-jre\guava-25.0-jre.jar;C:\Users\Gautam\.m2\repository\com\google\code\findbugs\jsr305\1.3.9\jsr305-1.3.9.jar;C:\Users\Gautam\.m2\repository\org\checkerframework\checker-compat-qual\2.0.0\checker-compat-qual-2.0.0.jar;C:\Users\Gautam\.m2\repository\com\google\errorprone\error_prone_annotations\2.1.3\error_prone_annotations-2.1.3.jar;C:\Users\Gautam\.m2\repository\com\google\j2objc\j2objc-annotations\1.1\j2objc-annotations-1.1.jar;C:\Users\Gautam\.m2\repository\org\codehaus\mojo\animal-sniffer-annotations\1.14\animal-sniffer-annotations-1.14.jar;C:\Users\Gautam\.m2\repository\com\squareup\okhttp3\okhttp\3.11.0\okhttp-3.11.0.jar;C:\Users\Gautam\.m2\repository\com\squareup\okio\okio\1.14.0\okio-1.14.0.jar;C:\Users\Gautam\.m2\repository\org\testng\testng\7.1.0\testng-7.1.0.jar;C:\Users\Gautam\.m2\repository\com\beust\jcommander\1.72\jcommander-1.72.jar;C:\Users\Gautam\.m2\repository\com\google\inject\guice\4.1.0\guice-4.1.0-no_aop.jar;C:\Users\Gautam\.m2\repository\javax\inject\javax.inject\1\javax.inject-1.jar;C:\Users\Gautam\.m2\repository\aopalliance\aopalliance\1.0\aopalliance-1.0.jar;C:\Users\Gautam\.m2\repository\org\yaml\snakeyaml\1.21\snakeyaml-1.21.jar;C:\Users\Gautam\.m2\repository\org\apache\logging\log4j\log4j-api\2.17.2\log4j-api-2.17.2.jar;C:\Users\Gautam\.m2\repository\org\apache\logging\log4j\log4j-core\2.17.2\log4j-core-2.17.2.jar;C:\Users\Gautam\.m2\repository\commons-io\commons-io\2.11.0\commons-io-2.11.0.jar;"/>
    <property name="sun.cpu.endian" value="little"/>
    <property name="user.home" value="C:\Users\Gautam"/>
    <property name="user.language" value="en"/>
    <property name="java.specification.vendor" value="Oracle Corporation"/>
    <property name="java.version.date" value="2021-10-19"/>
    <property name="java.home" value="C:\Program Files\Java\jdk-11.0.13"/>
    <property name="file.separator" value="\"/>
    <property name="basedir" value="C:\Users\Gautam\eclipse-workspace\E2Eproject"/>
    <property name="java.vm.compressedOopsMode" value="Zero based"/>
    <property name="line.separator" value="&#10;"/>
    <property name="java.specification.name" value="Java Platform API Specification"/>
    <property name="java.vm.specification.vendor" value="Oracle Corporation"/>
    <property name="java.awt.graphicsenv" value="sun.awt.Win32GraphicsEnvironment"/>
    <property name="surefire.real.class.path" value="C:\Users\Gautam\AppData\Local\Temp\surefire482270829368801982\surefirebooter9319849682761505888.jar"/>
    <property name="user.script" value=""/>
    <property name="sun.management.compiler" value="HotSpot 64-Bit Tiered Compilers"/>
    <property name="java.runtime.version" value="11.0.13+10-LTS-370"/>
    <property name="user.name" value="Gautam"/>
    <property name="path.separator" value=";"/>
    <property name="os.version" value="10.0"/>
    <property name="java.runtime.name" value="Java(TM) SE Runtime Environment"/>
    <property name="file.encoding" value="Cp1252"/>
    <property name="java.vm.name" value="Java HotSpot(TM) 64-Bit Server VM"/>
    <property name="java.vendor.version" value="18.9"/>
    <property name="localRepository" value="C:\Users\Gautam\.m2\repository"/>
    <property name="java.vendor.url.bug" value="https://bugreport.java.com/bugreport/"/>
    <property name="java.io.tmpdir" value="C:\Users\Gautam\AppData\Local\Temp\"/>
    <property name="java.version" value="11.0.13"/>
    <property name="user.dir" value="C:\Users\Gautam\eclipse-workspace\E2Eproject"/>
    <property name="os.arch" value="amd64"/>
    <property name="java.vm.specification.name" value="Java Virtual Machine Specification"/>
    <property name="java.awt.printerjob" value="sun.awt.windows.WPrinterJob"/>
    <property name="sun.os.patch.level" value=""/>
    <property name="java.library.path" value="C:\Program Files\Java\jdk-11.0.13\bin;C:\WINDOWS\Sun\Java\bin;C:\WINDOWS\system32;C:\WINDOWS;c:\program files\common files\oracle\java\javapath;c:\windows\system32;c:\windows;c:\windows\system32\wbem;c:\windows\system32\windowspowershell\v1.0\;c:\windows\system32\openssh\;c:\program files\java\jdk-15.0.2\bin;c:\program files (x86)\dotnet\;c:\windows\system32;c:\windows;c:\windows\system32\wbem;c:\windows\system32\windowspowershell\v1.0\;c:\windows\system32\openssh\;C:\Program Files (x86)\NVIDIA Corporation\PhysX\Common;D:\apache-maven-3.8.5\bin;C:\Users\Gautam\AppData\Local\Microsoft\WindowsApps;;C:\Program Files\JetBrains\IntelliJ IDEA Community Edition 2020.3.2\bin;;."/>
    <property name="java.vendor" value="Oracle Corporation"/>
    <property name="java.vm.info" value="mixed mode"/>
    <property name="java.vm.version" value="11.0.13+10-LTS-370"/>
    <property name="sun.io.unicode.encoding" value="UnicodeLittle"/>
    <property name="java.class.version" value="55.0"/>
  </properties>
  <testcase name="opensite" classname="Udemy.E2Eproject.Title" time="0">
    <skipped/>
    <system-err><![CDATA[Starting ChromeDriver 99.0.4844.51 (d537ec02474b5afe23684e7963d538896c63ac77-refs/branch-heads/4844@{#875}) on port 41813
Only local connections are allowed.
Please see https://chromedriver.chromium.org/security-considerations for suggestions on keeping ChromeDriver safe.
ChromeDriver was started successfully.
]]></system-err>
  </testcase>
  <testcase name="getFeature" classname="Udemy.E2Eproject.Title" time="0">
    <skipped message="session not created: This version of ChromeDriver only supports Chrome version 99&#10;Current browser version is 101.0.4951.54 with binary path C:\Program Files (x86)\Google\Chrome\Application\chrome.exe&#10;Build info: version: &apos;3.141.59&apos;, revision: &apos;e82be7d358&apos;, time: &apos;2018-11-14T08:17:03&apos;&#10;System info: host: &apos;DESKTOP-60FMTN5&apos;, ip: &apos;192.168.1.7&apos;, os.name: &apos;Windows 10&apos;, os.arch: &apos;amd64&apos;, os.version: &apos;10.0&apos;, java.version: &apos;11.0.13&apos;&#10;Driver info: driver.version: ChromeDriver&#10;remote stacktrace: Backtrace:&#10;	Ordinal0 [0x00C89943+2595139]&#10;	Ordinal0 [0x00C1C9F1+2148849]&#10;	Ordinal0 [0x00B14528+1066280]&#10;	Ordinal0 [0x00B342C3+1196739]&#10;	Ordinal0 [0x00B2FE37+1179191]&#10;	Ordinal0 [0x00B2D6F1+1169137]&#10;	Ordinal0 [0x00B60530+1377584]&#10;	Ordinal0 [0x00B6018A+1376650]&#10;	Ordinal0 [0x00B5B806+1357830]&#10;	Ordinal0 [0x00B36086+1204358]&#10;	Ordinal0 [0x00B36F96+1208214]&#10;	GetHandleVerifier [0x00E2B232+1658114]&#10;	GetHandleVerifier [0x00EE312C+2411516]&#10;	GetHandleVerifier [0x00D1F261+560433]&#10;	GetHandleVerifier [0x00D1E366+556598]&#10;	Ordinal0 [0x00C2286B+2173035]&#10;	Ordinal0 [0x00C275F8+2192888]&#10;	Ordinal0 [0x00C276E5+2193125]&#10;	Ordinal0 [0x00C311FC+2232828]&#10;	BaseThreadInitThunk [0x75B9FA29+25]&#10;	RtlGetAppContainerNamedObjectPath [0x772B7A7E+286]&#10;	RtlGetAppContainerNamedObjectPath [0x772B7A4E+238]&#10;"/>
  </testcase>
  <testcase name="closeBrowser" classname="Udemy.E2Eproject.Title" time="0">
    <skipped/>
  </testcase>
  <testcase name="basePageNavigation" classname="Udemy.E2Eproject.Homepage" time="0">
    <skipped message="session not created: This version of ChromeDriver only supports Chrome version 99&#10;Current browser version is 101.0.4951.54 with binary path C:\Program Files (x86)\Google\Chrome\Application\chrome.exe&#10;Build info: version: &apos;3.141.59&apos;, revision: &apos;e82be7d358&apos;, time: &apos;2018-11-14T08:17:03&apos;&#10;System info: host: &apos;DESKTOP-60FMTN5&apos;, ip: &apos;192.168.1.7&apos;, os.name: &apos;Windows 10&apos;, os.arch: &apos;amd64&apos;, os.version: &apos;10.0&apos;, java.version: &apos;11.0.13&apos;&#10;Driver info: driver.version: ChromeDriver&#10;remote stacktrace: Backtrace:&#10;	Ordinal0 [0x00C89943+2595139]&#10;	Ordinal0 [0x00C1C9F1+2148849]&#10;	Ordinal0 [0x00B14528+1066280]&#10;	Ordinal0 [0x00B342C3+1196739]&#10;	Ordinal0 [0x00B2FE37+1179191]&#10;	Ordinal0 [0x00B2D6F1+1169137]&#10;	Ordinal0 [0x00B60530+1377584]&#10;	Ordinal0 [0x00B6018A+1376650]&#10;	Ordinal0 [0x00B5B806+1357830]&#10;	Ordinal0 [0x00B36086+1204358]&#10;	Ordinal0 [0x00B36F96+1208214]&#10;	GetHandleVerifier [0x00E2B232+1658114]&#10;	GetHandleVerifier [0x00EE312C+2411516]&#10;	GetHandleVerifier [0x00D1F261+560433]&#10;	GetHandleVerifier [0x00D1E366+556598]&#10;	Ordinal0 [0x00C2286B+2173035]&#10;	Ordinal0 [0x00C275F8+2192888]&#10;	Ordinal0 [0x00C276E5+2193125]&#10;	Ordinal0 [0x00C311FC+2232828]&#10;	BaseThreadInitThunk [0x75B9FA29+25]&#10;	RtlGetAppContainerNamedObjectPath [0x772B7A7E+286]&#10;	RtlGetAppContainerNamedObjectPath [0x772B7A4E+238]&#10;"/>
  </testcase>
  <testcase name="basePageNavigation" classname="Udemy.E2Eproject.Homepage" time="0">
    <skipped message="session not created: This version of ChromeDriver only supports Chrome version 99&#10;Current browser version is 101.0.4951.54 with binary path C:\Program Files (x86)\Google\Chrome\Application\chrome.exe&#10;Build info: version: &apos;3.141.59&apos;, revision: &apos;e82be7d358&apos;, time: &apos;2018-11-14T08:17:03&apos;&#10;System info: host: &apos;DESKTOP-60FMTN5&apos;, ip: &apos;192.168.1.7&apos;, os.name: &apos;Windows 10&apos;, os.arch: &apos;amd64&apos;, os.version: &apos;10.0&apos;, java.version: &apos;11.0.13&apos;&#10;Driver info: driver.version: ChromeDriver&#10;remote stacktrace: Backtrace:&#10;	Ordinal0 [0x00C89943+2595139]&#10;	Ordinal0 [0x00C1C9F1+2148849]&#10;	Ordinal0 [0x00B14528+1066280]&#10;	Ordinal0 [0x00B342C3+1196739]&#10;	Ordinal0 [0x00B2FE37+1179191]&#10;	Ordinal0 [0x00B2D6F1+1169137]&#10;	Ordinal0 [0x00B60530+1377584]&#10;	Ordinal0 [0x00B6018A+1376650]&#10;	Ordinal0 [0x00B5B806+1357830]&#10;	Ordinal0 [0x00B36086+1204358]&#10;	Ordinal0 [0x00B36F96+1208214]&#10;	GetHandleVerifier [0x00E2B232+1658114]&#10;	GetHandleVerifier [0x00EE312C+2411516]&#10;	GetHandleVerifier [0x00D1F261+560433]&#10;	GetHandleVerifier [0x00D1E366+556598]&#10;	Ordinal0 [0x00C2286B+2173035]&#10;	Ordinal0 [0x00C275F8+2192888]&#10;	Ordinal0 [0x00C276E5+2193125]&#10;	Ordinal0 [0x00C311FC+2232828]&#10;	BaseThreadInitThunk [0x75B9FA29+25]&#10;	RtlGetAppContainerNamedObjectPath [0x772B7A7E+286]&#10;	RtlGetAppContainerNamedObjectPath [0x772B7A4E+238]&#10;"/>
  </testcase>
  <testcase name="closeBrowser" classname="Udemy.E2Eproject.Homepage" time="0">
    <skipped/>
  </testcase>
</testsuite>