<?xml version="1.0" encoding="UTF-8"?>
<!-- Generated by org.testng.reporters.JUnitReportReporter -->
<testsuite hostname="DESKTOP-60FMTN5" failures="0" tests="2" name="Udemy.E2Eproject.Homepage" time="34.952" errors="0" timestamp="2022-05-16T09:19:43 IST" skipped="0">
  <testcase classname="Udemy.E2Eproject.Homepage" name="basePageNavigation" time="18.550"/>
  <system-out/>
  <testcase classname="Udemy.E2Eproject.Homepage" name="basePageNavigation" time="16.402"/>
  <system-out/>
</testsuite> <!-- Udemy.E2Eproject.Homepage -->
