<?xml version="1.0" encoding="UTF-8"?>
<!-- Generated by org.testng.reporters.JUnitReportReporter -->
<testsuite hostname="DESKTOP-60FMTN5" failures="0" tests="1" name="Udemy.E2Eproject.Title" time="0.000" errors="0" timestamp="2022-05-06T11:14:38 IST" skipped="1">
  <testcase classname="Udemy.E2Eproject.Title" name="getFeature" time="0.000">
    <skipped/>
  </testcase> <!-- getFeature -->
  <system-out/>
</testsuite> <!-- Udemy.E2Eproject.Title -->
